2025-06-01 16:57:57 [INFO]: GET /api/wallet/getInfoWallet
2025-06-01 16:57:57 [INFO]: Saldo total: 2 SOL
2025-06-01 16:57:57 [INFO]: GET /api/wallet/getInfoWallet
2025-06-01 16:57:57 [INFO]: Saldo total: 2 SOL
2025-06-01 16:58:03 [INFO]: GET /api/wallet/getInfoWallet
2025-06-01 16:58:03 [INFO]: Saldo total: 2 SOL
2025-06-01 16:58:04 [INFO]: GET /favicon.ico
2025-06-01 17:02:20 [INFO]: GET /api/wallet/getInfoWallet
2025-06-01 17:02:21 [INFO]: Saldo total: 2 SOL
2025-06-01 17:02:21 [INFO]: GET /api/wallet/getInfoWallet
2025-06-01 17:02:21 [INFO]: Saldo total: 2 SOL
2025-06-01 17:02:39 [INFO]: GET /api/wallet/getInfoWallet
2025-06-01 17:02:40 [INFO]: Saldo total: 2 SOL
2025-06-01 17:02:40 [INFO]: GET /api/wallet/getInfoWallet
2025-06-01 17:02:40 [INFO]: Saldo total: 2 SOL
2025-06-01 17:03:14 [INFO]: GET /api/wallet/getInfoWallet
2025-06-01 17:03:14 [INFO]: Saldo total: 2 SOL
2025-06-01 17:03:14 [INFO]: GET /api/wallet/getInfoWallet
2025-06-01 17:03:15 [INFO]: Saldo total: 2 SOL
2025-06-01 17:03:52 [INFO]: GET /api/wallet/getInfoWallet
2025-06-01 17:03:53 [INFO]: Saldo total: 2 SOL
2025-06-01 17:03:53 [INFO]: GET /api/wallet/getInfoWallet
2025-06-01 17:03:53 [INFO]: Saldo total: 2 SOL
2025-06-05 14:53:49 [INFO]: GET /api/wallet/getInfoWallet
2025-06-05 14:53:50 [INFO]: Saldo total: 2 SOL
2025-06-05 14:53:50 [INFO]: GET /api/wallet/getInfoWallet
2025-06-05 14:53:50 [INFO]: Saldo total: 2 SOL
2025-06-05 15:01:58 [INFO]: GET /api/wallet/getInfoWallet
2025-06-05 15:01:58 [INFO]: Saldo total: 2 SOL
2025-06-05 15:01:58 [INFO]: GET /api/wallet/getInfoWallet
2025-06-05 15:01:58 [INFO]: Saldo total: 2 SOL
2025-06-05 15:03:04 [INFO]: GET /api/wallet/getInfoWallet
2025-06-05 15:03:04 [INFO]: Saldo total: 2 SOL
2025-06-05 15:03:04 [INFO]: GET /api/wallet/getInfoWallet
2025-06-05 15:03:04 [INFO]: Saldo total: 2 SOL
2025-06-05 15:03:12 [INFO]: GET /api/wallet/getInfoWallet
2025-06-05 15:03:13 [INFO]: Saldo total: 2 SOL
2025-06-05 15:03:13 [INFO]: GET /api/wallet/getInfoWallet
2025-06-05 15:03:13 [INFO]: Saldo total: 2 SOL
2025-06-05 15:04:01 [INFO]: GET /api/wallet/getInfoWallet
2025-06-05 15:04:02 [INFO]: Saldo total: 2 SOL
2025-06-05 15:04:02 [INFO]: GET /api/wallet/getInfoWallet
2025-06-05 15:04:02 [INFO]: Saldo total: 2 SOL
2025-06-05 15:06:55 [INFO]: GET /api/wallet/getInfoWallet
2025-06-05 15:06:55 [INFO]: Saldo total: 2 SOL
2025-06-05 15:06:55 [INFO]: GET /api/wallet/getInfoWallet
2025-06-05 15:06:55 [INFO]: Saldo total: 2 SOL
2025-06-05 15:06:56 [INFO]: GET /api/wallet/getInfoWallet
2025-06-05 15:06:56 [INFO]: Saldo total: 2 SOL
2025-06-05 15:06:56 [INFO]: GET /api/wallet/getInfoWallet
2025-06-05 15:06:56 [INFO]: Saldo total: 2 SOL
2025-06-05 15:07:27 [INFO]: GET /api/wallet/getInfoWallet
2025-06-05 15:07:28 [INFO]: Saldo total: 2 SOL
2025-06-05 15:07:28 [INFO]: GET /api/wallet/getInfoWallet
2025-06-05 15:07:28 [INFO]: Saldo total: 2 SOL
2025-06-05 15:08:27 [INFO]: GET /api/wallet/getInfoWallet
2025-06-05 15:08:28 [INFO]: Saldo total: 2 SOL
2025-06-05 15:08:28 [INFO]: GET /api/wallet/getInfoWallet
2025-06-05 15:08:28 [INFO]: Saldo total: 2 SOL
2025-06-05 15:09:50 [INFO]: GET /api/wallet/getInfoWallet
2025-06-05 15:09:51 [INFO]: Saldo total: 2 SOL
2025-06-05 15:09:51 [INFO]: GET /api/wallet/getInfoWallet
2025-06-05 15:09:51 [INFO]: Saldo total: 2 SOL
2025-06-05 15:27:46 [INFO]: GET /api/wallet/getInfoWallet
2025-06-05 15:27:47 [INFO]: Saldo total: 2 SOL
2025-06-05 15:27:47 [INFO]: GET /api/wallet/getInfoWallet
2025-06-05 15:27:47 [INFO]: Saldo total: 2 SOL
2025-06-05 15:35:40 [INFO]: GET /api/wallet/getInfoWallet
2025-06-05 15:35:41 [INFO]: Saldo total: 2 SOL
2025-06-05 15:35:41 [INFO]: GET /api/wallet/getInfoWallet
2025-06-05 15:35:41 [INFO]: Saldo total: 2 SOL
2025-06-05 15:35:41 [INFO]: GET /api/wallet/getInfoWallet
2025-06-05 15:35:41 [INFO]: Saldo total: 2 SOL
2025-06-05 15:35:41 [INFO]: GET /api/wallet/getInfoWallet
2025-06-05 15:35:41 [INFO]: Saldo total: 2 SOL
2025-06-05 15:35:57 [INFO]: GET /api/wallet/getInfoWallet
2025-06-05 15:35:57 [INFO]: Saldo total: 2 SOL
2025-06-05 15:35:57 [INFO]: GET /api/wallet/getInfoWallet
2025-06-05 15:35:57 [INFO]: Saldo total: 2 SOL
2025-06-05 15:39:40 [INFO]: GET /api/wallet/getInfoWallet
2025-06-05 15:39:40 [INFO]: Saldo total: 2 SOL
2025-06-05 15:39:40 [INFO]: GET /api/wallet/getInfoWallet
2025-06-05 15:39:40 [INFO]: Saldo total: 2 SOL
2025-06-05 15:47:05 [INFO]: GET /api/wallet/getInfoWallet
2025-06-05 15:47:06 [INFO]: Saldo total: 2 SOL
2025-06-05 15:47:06 [INFO]: GET /api/wallet/getInfoWallet
2025-06-05 15:47:07 [INFO]: Saldo total: 2 SOL
2025-06-05 15:55:05 [INFO]: GET /api/wallet/getInfoWallet
2025-06-05 15:55:06 [INFO]: Saldo total: 2 SOL
2025-06-05 15:55:06 [INFO]: GET /api/wallet/getInfoWallet
2025-06-05 15:55:06 [INFO]: Saldo total: 2 SOL
2025-06-05 16:27:02 [INFO]: GET /api/wallet/getInfoWallet
2025-06-05 16:27:03 [INFO]: Saldo total: 2 SOL
2025-06-05 16:27:03 [INFO]: GET /api/wallet/getInfoWallet
2025-06-05 16:27:03 [INFO]: Saldo total: 2 SOL
2025-06-05 16:30:34 [INFO]: GET /api/wallet/getInfoWallet
2025-06-05 16:30:34 [INFO]: Saldo total: 2 SOL
2025-06-05 16:30:34 [INFO]: GET /api/wallet/getInfoWallet
2025-06-05 16:30:34 [INFO]: Saldo total: 2 SOL
2025-06-05 16:32:45 [INFO]: GET /api/wallet/getInfoWallet
2025-06-05 16:32:45 [INFO]: Saldo total: 2 SOL
2025-06-05 16:32:45 [INFO]: GET /api/wallet/getInfoWallet
2025-06-05 16:32:46 [INFO]: Saldo total: 2 SOL
2025-06-05 16:34:20 [INFO]: GET /api/wallet/getInfoWallet
2025-06-05 16:34:21 [INFO]: Saldo total: 2 SOL
2025-06-05 16:34:21 [INFO]: GET /api/wallet/getInfoWallet
2025-06-05 16:34:21 [INFO]: Saldo total: 2 SOL
2025-06-05 16:34:22 [INFO]: GET /api/wallet/getInfoWallet
2025-06-05 16:34:22 [INFO]: Saldo total: 2 SOL
2025-06-05 16:34:22 [INFO]: GET /api/wallet/getInfoWallet
2025-06-05 16:34:22 [INFO]: Saldo total: 2 SOL
2025-06-05 16:34:52 [INFO]: GET /api/wallet/getInfoWallet
2025-06-05 16:34:53 [INFO]: Saldo total: 2 SOL
2025-06-05 16:34:56 [INFO]: GET /api/wallet/getInfoWallet
2025-06-05 16:34:57 [INFO]: Saldo total: 2 SOL
2025-06-05 16:34:57 [INFO]: GET /api/wallet/getInfoWallet
2025-06-05 16:34:57 [INFO]: Saldo total: 2 SOL
2025-06-05 16:36:26 [INFO]: GET /api/wallet/getInfoWallet
2025-06-05 16:36:27 [INFO]: Saldo total: 2 SOL
2025-06-05 16:36:27 [INFO]: GET /api/wallet/getInfoWallet
2025-06-05 16:36:27 [INFO]: Saldo total: 2 SOL
2025-06-05 16:37:47 [INFO]: GET /api/wallet/getInfoWallet
2025-06-05 16:37:48 [INFO]: Saldo total: 2 SOL
2025-06-05 16:37:48 [INFO]: GET /api/wallet/getInfoWallet
2025-06-05 16:37:48 [INFO]: Saldo total: 2 SOL
2025-06-05 16:37:48 [INFO]: GET /api/wallet/getInfoWallet
2025-06-05 16:37:48 [INFO]: Saldo total: 2 SOL
2025-06-05 16:37:48 [INFO]: GET /api/wallet/getInfoWallet
2025-06-05 16:37:48 [INFO]: Saldo total: 2 SOL
2025-06-05 16:37:49 [INFO]: GET /api/wallet/getInfoWallet
2025-06-05 16:37:50 [INFO]: Saldo total: 2 SOL
2025-06-05 16:37:50 [INFO]: GET /api/wallet/getInfoWallet
2025-06-05 16:37:50 [INFO]: Saldo total: 2 SOL
2025-06-05 16:41:17 [INFO]: GET /api/wallet/getInfoWallet
2025-06-05 16:41:18 [INFO]: Saldo total: 2 SOL
2025-06-05 16:41:18 [INFO]: GET /api/wallet/getInfoWallet
2025-06-05 16:41:18 [INFO]: Saldo total: 2 SOL
2025-06-05 16:45:59 [INFO]: GET /api/wallet/getInfoWallet
2025-06-05 16:45:59 [INFO]: Saldo total: 2 SOL
2025-06-05 16:45:59 [INFO]: GET /api/wallet/getInfoWallet
2025-06-05 16:45:59 [INFO]: Saldo total: 2 SOL
2025-06-05 16:46:02 [INFO]: GET /api/wallet/getInfoWallet
2025-06-05 16:46:02 [INFO]: Saldo total: 2 SOL
2025-06-05 16:46:02 [INFO]: GET /api/wallet/getInfoWallet
2025-06-05 16:46:02 [INFO]: Saldo total: 2 SOL
2025-06-06 09:28:49 [INFO]: GET /api/wallet/getInfoWallet
2025-06-06 09:28:49 [INFO]: Saldo total: 2 SOL
2025-06-06 09:32:19 [INFO]: GET /api/wallet/getInfoWallet
2025-06-06 09:32:19 [INFO]: Saldo total: 2 SOL
2025-06-06 10:25:33 [INFO]: GET /api/wallet/getInfoWallet
2025-06-06 10:25:33 [INFO]: Saldo total: 2 SOL
2025-06-06 10:25:35 [INFO]: GET /api/wallet/getInfoWallet
2025-06-06 10:25:36 [INFO]: Saldo total: 2 SOL
2025-06-06 11:02:44 [INFO]: GET /api/wallet/getInfoWallet
2025-06-06 11:02:44 [INFO]: Saldo total: 2 SOL
2025-06-06 11:03:34 [INFO]: GET /api/wallet/getInfoWallet
2025-06-06 11:03:35 [INFO]: Saldo total: 2 SOL
2025-06-06 11:03:35 [INFO]: GET /api/wallet/getInfoWallet
2025-06-06 11:03:35 [INFO]: Saldo total: 2 SOL
2025-06-06 11:03:36 [INFO]: GET /api/wallet/getInfoWallet
2025-06-06 11:03:36 [INFO]: Saldo total: 2 SOL
2025-06-06 11:03:36 [INFO]: GET /api/wallet/getInfoWallet
2025-06-06 11:03:36 [INFO]: Saldo total: 2 SOL
2025-06-06 11:03:42 [INFO]: GET /api/wallet/getInfoWallet
2025-06-06 11:03:43 [INFO]: Saldo total: 2 SOL
2025-06-06 11:03:43 [INFO]: GET /api/wallet/getInfoWallet
2025-06-06 11:03:43 [INFO]: Saldo total: 2 SOL
2025-06-06 11:04:10 [INFO]: GET /api/wallet/getInfoWallet
2025-06-06 11:04:11 [INFO]: Saldo total: 2 SOL
2025-06-06 11:04:11 [INFO]: GET /api/wallet/getInfoWallet
2025-06-06 11:04:11 [INFO]: Saldo total: 2 SOL
2025-06-06 11:04:16 [INFO]: GET /api/wallet/getInfoWallet
2025-06-06 11:04:16 [INFO]: Saldo total: 2 SOL
2025-06-06 11:04:16 [INFO]: GET /api/wallet/getInfoWallet
2025-06-06 11:04:16 [INFO]: Saldo total: 2 SOL
2025-06-06 11:04:17 [INFO]: GET /api/wallet/getInfoWallet
2025-06-06 11:04:17 [INFO]: Saldo total: 2 SOL
2025-06-06 11:04:17 [INFO]: GET /api/wallet/getInfoWallet
2025-06-06 11:04:17 [INFO]: Saldo total: 2 SOL
2025-06-06 11:17:04 [INFO]: GET /api/wallet/getInfoWallet
2025-06-06 11:17:05 [INFO]: Saldo total: 2 SOL
2025-06-06 11:17:05 [INFO]: GET /api/wallet/getInfoWallet
2025-06-06 11:17:05 [INFO]: Saldo total: 2 SOL
2025-06-06 11:17:42 [INFO]: GET /api/wallet/getInfoWallet
2025-06-06 11:17:43 [INFO]: Saldo total: 2 SOL
2025-06-06 11:17:43 [INFO]: GET /api/wallet/getInfoWallet
2025-06-06 11:17:43 [INFO]: Saldo total: 2 SOL
2025-06-06 11:23:15 [INFO]: GET /api/wallet/getInfoWallet
2025-06-06 11:23:16 [INFO]: Saldo total: 2 SOL
2025-06-06 11:23:16 [INFO]: GET /api/wallet/getInfoWallet
2025-06-06 11:23:16 [INFO]: Saldo total: 2 SOL
2025-06-06 11:49:18 [INFO]: GET /api/wallet/getInfoWallet
2025-06-06 11:49:19 [INFO]: Saldo total: 2 SOL
2025-06-06 11:49:19 [INFO]: GET /api/wallet/getInfoWallet
2025-06-06 11:49:19 [INFO]: Saldo total: 2 SOL
2025-06-06 11:52:52 [INFO]: GET /api/wallet/getInfoWallet
2025-06-06 11:52:52 [INFO]: Saldo total: 2 SOL
2025-06-06 11:52:52 [INFO]: GET /api/wallet/getInfoWallet
2025-06-06 11:52:52 [INFO]: Saldo total: 2 SOL
2025-06-06 12:05:24 [INFO]: GET /api/wallet/getInfoWallet
2025-06-06 12:05:24 [INFO]: Saldo total: 2 SOL
2025-06-06 12:05:24 [INFO]: GET /api/wallet/getInfoWallet
2025-06-06 12:05:25 [INFO]: Saldo total: 2 SOL
2025-06-06 12:06:23 [INFO]: GET /api/wallet/getInfoWallet
2025-06-06 12:06:24 [INFO]: Saldo total: 2 SOL
2025-06-06 12:06:24 [INFO]: GET /api/wallet/getInfoWallet
2025-06-06 12:06:24 [INFO]: Saldo total: 2 SOL
2025-06-06 12:06:24 [INFO]: GET /api/wallet/getInfoWallet
2025-06-06 12:06:24 [INFO]: Saldo total: 2 SOL
2025-06-06 12:06:24 [INFO]: GET /api/wallet/getInfoWallet
2025-06-06 12:06:24 [INFO]: Saldo total: 2 SOL
2025-06-06 12:10:31 [INFO]: GET /api/wallet/getInfoWallet
2025-06-06 12:10:32 [INFO]: Saldo total: 2 SOL
2025-06-06 12:10:32 [INFO]: GET /api/wallet/getInfoWallet
2025-06-06 12:10:32 [INFO]: Saldo total: 2 SOL
2025-06-06 12:53:23 [INFO]: GET /api/wallet/getInfoWallet
2025-06-06 12:53:23 [INFO]: Saldo total: 2 SOL
2025-06-06 12:53:23 [INFO]: GET /api/wallet/getInfoWallet
2025-06-06 12:53:23 [INFO]: Saldo total: 2 SOL
2025-06-06 12:53:50 [INFO]: GET /api/wallet/getInfoWallet
2025-06-06 12:53:51 [INFO]: Saldo total: 2 SOL
2025-06-06 12:53:51 [INFO]: GET /api/wallet/getInfoWallet
2025-06-06 12:53:51 [INFO]: Saldo total: 2 SOL
2025-06-06 12:54:15 [INFO]: GET /api/wallet/getInfoWallet
2025-06-06 12:54:16 [INFO]: Saldo total: 2 SOL
2025-06-06 12:54:16 [INFO]: GET /api/wallet/getInfoWallet
2025-06-06 12:54:16 [INFO]: Saldo total: 2 SOL
2025-06-06 12:54:47 [INFO]: GET /api/wallet/getInfoWallet
2025-06-06 12:54:47 [INFO]: Saldo total: 2 SOL
2025-06-06 12:54:47 [INFO]: GET /api/wallet/getInfoWallet
2025-06-06 12:54:47 [INFO]: Saldo total: 2 SOL
2025-06-06 12:56:48 [INFO]: GET /api/wallet/getInfoWallet
2025-06-06 12:56:48 [INFO]: Saldo total: 2 SOL
2025-06-06 12:56:48 [INFO]: GET /api/wallet/getInfoWallet
2025-06-06 12:56:48 [INFO]: Saldo total: 2 SOL
2025-06-06 13:13:38 [INFO]: GET /api/wallet/getInfoWallet
2025-06-06 13:13:39 [INFO]: Saldo total: 2 SOL
2025-06-06 13:13:39 [INFO]: GET /api/wallet/getInfoWallet
2025-06-06 13:13:39 [INFO]: Saldo total: 2 SOL
2025-06-06 13:14:24 [INFO]: GET /api/wallet/getInfoWallet
2025-06-06 13:14:25 [INFO]: Saldo total: 2 SOL
2025-06-06 13:14:25 [INFO]: GET /api/wallet/getInfoWallet
2025-06-06 13:14:25 [INFO]: Saldo total: 2 SOL
2025-06-06 13:14:34 [INFO]: GET /api/wallet/getInfoWallet
2025-06-06 13:14:35 [INFO]: Saldo total: 2 SOL
2025-06-06 13:14:35 [INFO]: GET /api/wallet/getInfoWallet
2025-06-06 13:14:35 [INFO]: Saldo total: 2 SOL
2025-06-06 13:14:50 [INFO]: GET /api/wallet/getInfoWallet
2025-06-06 13:14:50 [INFO]: Saldo total: 2 SOL
2025-06-06 13:14:50 [INFO]: GET /api/wallet/getInfoWallet
2025-06-06 13:14:50 [INFO]: Saldo total: 2 SOL
2025-06-06 13:15:03 [INFO]: GET /api/wallet/getInfoWallet
2025-06-06 13:15:04 [INFO]: Saldo total: 2 SOL
2025-06-06 13:15:04 [INFO]: GET /api/wallet/getInfoWallet
2025-06-06 13:15:04 [INFO]: Saldo total: 2 SOL
2025-06-06 13:15:28 [INFO]: GET /api/wallet/getInfoWallet
2025-06-06 13:15:28 [INFO]: Saldo total: 2 SOL
2025-06-06 13:15:28 [INFO]: GET /api/wallet/getInfoWallet
2025-06-06 13:15:28 [INFO]: Saldo total: 2 SOL
2025-06-06 13:15:33 [INFO]: GET /api/wallet/getInfoWallet
2025-06-06 13:15:33 [INFO]: Saldo total: 2 SOL
2025-06-06 13:15:33 [INFO]: GET /api/wallet/getInfoWallet
2025-06-06 13:15:33 [INFO]: Saldo total: 2 SOL
2025-06-06 13:16:05 [INFO]: GET /api/wallet/getInfoWallet
2025-06-06 13:16:06 [INFO]: Saldo total: 2 SOL
2025-06-06 13:16:06 [INFO]: GET /api/wallet/getInfoWallet
2025-06-06 13:16:06 [INFO]: Saldo total: 2 SOL
2025-06-06 13:16:10 [INFO]: GET /api/wallet/getInfoWallet
2025-06-06 13:16:10 [INFO]: Saldo total: 2 SOL
2025-06-06 13:16:10 [INFO]: GET /api/wallet/getInfoWallet
2025-06-06 13:16:11 [INFO]: Saldo total: 2 SOL
2025-06-06 13:16:36 [INFO]: GET /api/wallet/getInfoWallet
2025-06-06 13:16:37 [INFO]: Saldo total: 2 SOL
2025-06-06 13:16:37 [INFO]: GET /api/wallet/getInfoWallet
2025-06-06 13:16:38 [INFO]: Saldo total: 2 SOL
2025-06-06 13:16:51 [INFO]: GET /api/wallet/getInfoWallet
2025-06-06 13:16:52 [INFO]: Saldo total: 2 SOL
2025-06-06 13:16:52 [INFO]: GET /api/wallet/getInfoWallet
2025-06-06 13:16:52 [INFO]: Saldo total: 2 SOL
2025-06-06 13:17:00 [INFO]: GET /api/wallet/getInfoWallet
2025-06-06 13:17:01 [INFO]: Saldo total: 2 SOL
2025-06-06 13:17:01 [INFO]: GET /api/wallet/getInfoWallet
2025-06-06 13:17:01 [INFO]: Saldo total: 2 SOL
2025-06-06 13:17:11 [INFO]: GET /api/wallet/getInfoWallet
2025-06-06 13:17:11 [INFO]: Saldo total: 2 SOL
2025-06-06 13:17:11 [INFO]: GET /api/wallet/getInfoWallet
2025-06-06 13:17:11 [INFO]: Saldo total: 2 SOL
2025-06-06 17:36:30 [INFO]: GET /api/wallet/getInfoWallet
2025-06-06 17:36:31 [INFO]: Saldo total: 2 SOL
2025-06-06 17:36:31 [INFO]: GET /api/wallet/getInfoWallet
2025-06-06 17:36:31 [INFO]: Saldo total: 2 SOL
2025-06-06 17:40:00 [INFO]: GET /api/wallet/getInfoWallet
2025-06-06 17:40:01 [INFO]: Saldo total: 2 SOL
2025-06-06 17:40:01 [INFO]: GET /api/wallet/getInfoWallet
2025-06-06 17:40:01 [INFO]: Saldo total: 2 SOL
2025-06-06 17:40:28 [INFO]: GET /api/wallet/getInfoWallet
2025-06-06 17:40:29 [INFO]: Saldo total: 2 SOL
2025-06-06 17:40:29 [INFO]: GET /api/wallet/getInfoWallet
2025-06-06 17:40:30 [INFO]: Saldo total: 2 SOL
2025-06-06 17:42:09 [INFO]: GET /api/wallet/getInfoWallet
2025-06-06 17:42:09 [INFO]: Saldo total: 2 SOL
2025-06-06 17:42:09 [INFO]: GET /api/wallet/getInfoWallet
2025-06-06 17:42:09 [INFO]: Saldo total: 2 SOL
2025-06-06 17:47:46 [INFO]: GET /api/wallet/getInfoWallet
2025-06-06 17:47:46 [INFO]: Saldo total: 2 SOL
2025-06-06 17:47:46 [INFO]: GET /api/wallet/getInfoWallet
2025-06-06 17:47:46 [INFO]: Saldo total: 2 SOL
2025-06-06 17:51:20 [INFO]: GET /api/wallet/getInfoWallet
2025-06-06 17:51:21 [INFO]: Saldo total: 2 SOL
2025-06-06 17:51:21 [INFO]: GET /api/wallet/getInfoWallet
2025-06-06 17:51:21 [INFO]: Saldo total: 2 SOL
2025-06-19 12:42:22 [INFO]: GET /api/wallet/getInfoWallet
2025-06-19 12:42:23 [INFO]: Saldo total: 2 SOL
2025-06-19 12:42:23 [INFO]: GET /api/wallet/getInfoWallet
2025-06-19 12:42:23 [INFO]: Saldo total: 2 SOL
2025-06-19 12:52:47 [INFO]: GET /api/wallet/getInfoWallet
2025-06-19 12:52:48 [INFO]: Saldo total: 2 SOL
2025-06-19 12:52:48 [INFO]: GET /api/wallet/getInfoWallet
2025-06-19 12:52:48 [INFO]: Saldo total: 2 SOL
2025-06-19 12:59:37 [INFO]: GET /api/wallet/getInfoWallet
2025-06-19 12:59:37 [INFO]: Saldo total: 2 SOL
2025-06-19 12:59:37 [INFO]: GET /api/wallet/getInfoWallet
2025-06-19 12:59:37 [INFO]: Saldo total: 2 SOL
2025-06-19 13:09:09 [INFO]: GET /api/wallet/getInfoWallet
2025-06-19 13:09:10 [INFO]: Saldo total: 2 SOL
2025-06-19 13:09:10 [INFO]: GET /api/wallet/getInfoWallet
2025-06-19 13:09:10 [INFO]: Saldo total: 2 SOL
2025-06-19 14:34:09 [INFO]: GET /api/wallet/getInfoWallet
2025-06-19 14:34:10 [INFO]: Saldo total: 2 SOL
2025-06-19 14:34:10 [INFO]: GET /api/wallet/getInfoWallet
2025-06-19 14:34:11 [INFO]: Saldo total: 2 SOL
2025-06-19 17:32:33 [INFO]: GET /api/wallet/getInfoWallet
2025-06-19 17:32:34 [INFO]: Saldo total: 2 SOL
2025-06-19 17:32:34 [INFO]: GET /api/wallet/getInfoWallet
2025-06-19 17:32:34 [INFO]: Saldo total: 2 SOL
2025-06-19 18:27:03 [INFO]: GET /api/wallet/getInfoWallet
2025-06-19 18:27:03 [INFO]: Saldo total: 2 SOL
2025-06-19 18:27:03 [INFO]: GET /api/wallet/getInfoWallet
2025-06-19 18:27:03 [INFO]: Saldo total: 2 SOL
2025-06-19 19:01:47 [INFO]: GET /api/wallet/getInfoWallet
2025-06-19 19:01:48 [INFO]: Saldo total: 2 SOL
2025-06-19 19:01:48 [INFO]: GET /api/wallet/getInfoWallet
2025-06-19 19:01:48 [INFO]: Saldo total: 2 SOL
2025-06-19 19:06:15 [INFO]: GET /api/wallet/getInfoWallet
2025-06-19 19:06:16 [INFO]: Saldo total: 2 SOL
2025-06-19 19:06:16 [INFO]: GET /api/wallet/getInfoWallet
2025-06-19 19:06:16 [INFO]: Saldo total: 2 SOL
2025-06-19 19:06:31 [INFO]: GET /api/wallet/getInfoWallet
2025-06-19 19:06:31 [INFO]: Saldo total: 2 SOL
2025-06-19 19:06:31 [INFO]: GET /api/wallet/getInfoWallet
2025-06-19 19:06:31 [INFO]: Saldo total: 2 SOL
2025-06-19 19:06:54 [INFO]: GET /api/wallet/getInfoWallet
2025-06-19 19:06:55 [INFO]: Saldo total: 2 SOL
2025-06-19 19:06:55 [INFO]: GET /api/wallet/getInfoWallet
2025-06-19 19:06:55 [INFO]: Saldo total: 2 SOL
2025-06-19 19:07:00 [INFO]: GET /api/wallet/getInfoWallet
2025-06-19 19:07:00 [INFO]: GET /api/wallet/getInfoWallet
2025-06-19 19:07:01 [INFO]: Saldo total: 2 SOL
2025-06-19 19:07:01 [INFO]: Saldo total: 2 SOL
2025-06-19 19:07:41 [INFO]: GET /api/wallet/getInfoWallet
2025-06-19 19:07:41 [INFO]: Saldo total: 2 SOL
2025-06-19 19:07:41 [INFO]: GET /api/wallet/getInfoWallet
2025-06-19 19:07:41 [INFO]: Saldo total: 2 SOL
2025-06-19 19:21:36 [INFO]: GET /api/wallet/getInfoWallet
2025-06-19 19:21:37 [INFO]: Saldo total: 2 SOL
2025-06-19 19:28:19 [INFO]: GET /api/wallet/getInfoWallet
2025-06-19 19:28:20 [INFO]: Saldo total: 2 SOL
2025-06-19 19:28:20 [INFO]: GET /api/wallet/getInfoWallet
2025-06-19 19:28:20 [INFO]: Saldo total: 2 SOL
2025-06-19 19:28:21 [INFO]: GET /api/wallet/getInfoWallet
2025-06-19 19:28:21 [INFO]: Saldo total: 2 SOL
2025-06-19 19:28:21 [INFO]: GET /api/wallet/getInfoWallet
2025-06-19 19:28:21 [INFO]: Saldo total: 2 SOL
2025-06-19 19:51:23 [INFO]: GET /api/wallet/getInfoWallet
2025-06-19 19:51:23 [INFO]: Saldo total: 2 SOL
2025-06-19 19:51:23 [INFO]: GET /api/wallet/getInfoWallet
2025-06-19 19:51:24 [INFO]: Saldo total: 2 SOL
2025-06-19 22:40:50 [INFO]: GET /api/wallet/getInfoWallet
2025-06-19 22:40:51 [INFO]: Saldo total: 2 SOL
2025-06-19 22:40:51 [INFO]: GET /api/wallet/getInfoWallet
2025-06-19 22:40:51 [INFO]: Saldo total: 2 SOL
2025-06-19 22:41:24 [INFO]: GET /api/wallet/getInfoWallet
2025-06-19 22:41:24 [INFO]: Saldo total: 2 SOL
2025-06-19 22:41:24 [INFO]: GET /api/wallet/getInfoWallet
2025-06-19 22:41:25 [INFO]: Saldo total: 2 SOL
2025-06-19 22:41:35 [INFO]: GET /api/wallet/getInfoWallet
2025-06-19 22:41:35 [INFO]: Saldo total: 2 SOL
2025-06-19 22:41:35 [INFO]: GET /api/wallet/getInfoWallet
2025-06-19 22:41:35 [INFO]: Saldo total: 2 SOL
2025-06-19 23:50:30 [INFO]: GET /api/wallet/getInfoWallet
2025-06-19 23:50:30 [INFO]: Saldo total: 2 SOL
2025-06-19 23:50:30 [INFO]: GET /api/wallet/getInfoWallet
2025-06-19 23:50:30 [INFO]: Saldo total: 2 SOL
2025-06-19 23:50:44 [INFO]: GET /api/wallet/getInfoWallet
2025-06-19 23:50:45 [INFO]: Saldo total: 2 SOL
2025-06-19 23:50:45 [INFO]: GET /api/wallet/getInfoWallet
2025-06-19 23:50:45 [INFO]: Saldo total: 2 SOL
2025-06-24 14:53:02 [INFO]: GET /api/wallet/getInfoWallet
2025-06-24 14:53:03 [INFO]: Wallet Ggfa9P8UkD2tMDQ9Xmn4uPFZTWR1Fp4qiSrsdpGsQwAp
2025-06-24 14:53:03 [INFO]: GET /api/wallet/getInfoWallet
2025-06-24 14:53:03 [INFO]: Wallet Ggfa9P8UkD2tMDQ9Xmn4uPFZTWR1Fp4qiSrsdpGsQwAp
2025-06-24 14:53:08 [INFO]: GET /api/wallet/getInfoWallet
2025-06-24 14:53:08 [INFO]: Wallet Ggfa9P8UkD2tMDQ9Xmn4uPFZTWR1Fp4qiSrsdpGsQwAp
2025-06-24 14:53:08 [INFO]: GET /api/wallet/getInfoWallet
2025-06-24 14:53:08 [INFO]: Wallet Ggfa9P8UkD2tMDQ9Xmn4uPFZTWR1Fp4qiSrsdpGsQwAp
2025-06-24 14:55:48 [INFO]: GET /api/wallet/getInfoWallet
2025-06-24 14:55:49 [INFO]: Wallet Ggfa9P8UkD2tMDQ9Xmn4uPFZTWR1Fp4qiSrsdpGsQwAp
2025-06-24 14:56:20 [INFO]: GET /api/wallet/getInfoWallet
2025-06-24 14:56:20 [INFO]: Wallet Ggfa9P8UkD2tMDQ9Xmn4uPFZTWR1Fp4qiSrsdpGsQwAp
2025-06-24 14:56:20 [INFO]: GET /api/wallet/getInfoWallet
2025-06-24 14:56:20 [INFO]: Wallet Ggfa9P8UkD2tMDQ9Xmn4uPFZTWR1Fp4qiSrsdpGsQwAp
2025-06-24 14:56:31 [INFO]: GET /api/wallet/getInfoWallet
2025-06-24 14:56:31 [INFO]: Wallet Ggfa9P8UkD2tMDQ9Xmn4uPFZTWR1Fp4qiSrsdpGsQwAp
2025-06-24 14:56:46 [INFO]: GET /api/wallet/getInfoWallet
2025-06-24 14:56:47 [INFO]: Wallet Ggfa9P8UkD2tMDQ9Xmn4uPFZTWR1Fp4qiSrsdpGsQwAp
2025-06-24 14:56:47 [INFO]: GET /api/wallet/getInfoWallet
2025-06-24 14:56:47 [INFO]: Wallet Ggfa9P8UkD2tMDQ9Xmn4uPFZTWR1Fp4qiSrsdpGsQwAp
2025-06-24 14:56:55 [INFO]: GET /api/wallet/getInfoWallet
2025-06-24 14:56:55 [INFO]: Wallet Ggfa9P8UkD2tMDQ9Xmn4uPFZTWR1Fp4qiSrsdpGsQwAp
2025-06-24 14:56:55 [INFO]: GET /api/wallet/getInfoWallet
2025-06-24 14:56:55 [INFO]: Wallet Ggfa9P8UkD2tMDQ9Xmn4uPFZTWR1Fp4qiSrsdpGsQwAp
2025-06-24 15:07:23 [INFO]: GET /api/wallet/getInfoWallet
2025-06-24 15:07:24 [INFO]: Wallet Ggfa9P8UkD2tMDQ9Xmn4uPFZTWR1Fp4qiSrsdpGsQwAp
2025-06-24 15:07:24 [INFO]: GET /api/wallet/getInfoWallet
2025-06-24 15:07:24 [INFO]: Wallet Ggfa9P8UkD2tMDQ9Xmn4uPFZTWR1Fp4qiSrsdpGsQwAp
2025-06-24 15:30:05 [INFO]: GET /api/wallet/getInfoWallet
2025-06-24 15:30:06 [INFO]: Wallet Ggfa9P8UkD2tMDQ9Xmn4uPFZTWR1Fp4qiSrsdpGsQwAp
2025-06-24 15:30:06 [INFO]: GET /api/wallet/getInfoWallet
2025-06-24 15:30:07 [INFO]: Wallet Ggfa9P8UkD2tMDQ9Xmn4uPFZTWR1Fp4qiSrsdpGsQwAp
2025-06-24 15:31:05 [INFO]: GET /api/wallet/getInfoWallet
2025-06-24 15:31:07 [INFO]: Wallet Ggfa9P8UkD2tMDQ9Xmn4uPFZTWR1Fp4qiSrsdpGsQwAp
2025-06-24 15:31:07 [INFO]: GET /api/wallet/getInfoWallet
2025-06-24 15:31:07 [INFO]: Wallet Ggfa9P8UkD2tMDQ9Xmn4uPFZTWR1Fp4qiSrsdpGsQwAp
2025-06-24 15:48:54 [INFO]: GET /api/wallet/getInfoWallet
2025-06-24 15:48:55 [INFO]: Wallet Ggfa9P8UkD2tMDQ9Xmn4uPFZTWR1Fp4qiSrsdpGsQwAp
2025-06-24 15:48:55 [INFO]: GET /api/wallet/getInfoWallet
2025-06-24 15:48:55 [INFO]: Wallet Ggfa9P8UkD2tMDQ9Xmn4uPFZTWR1Fp4qiSrsdpGsQwAp
2025-06-24 15:51:28 [INFO]: GET /api/wallet/getInfoWallet
2025-06-24 15:51:29 [INFO]: Wallet Ggfa9P8UkD2tMDQ9Xmn4uPFZTWR1Fp4qiSrsdpGsQwAp
2025-06-24 15:51:29 [INFO]: GET /api/wallet/getInfoWallet
2025-06-24 15:51:29 [INFO]: Wallet Ggfa9P8UkD2tMDQ9Xmn4uPFZTWR1Fp4qiSrsdpGsQwAp
2025-06-24 16:11:11 [INFO]: GET /api/wallet/getInfoWallet
2025-06-24 16:11:12 [INFO]: Wallet Ggfa9P8UkD2tMDQ9Xmn4uPFZTWR1Fp4qiSrsdpGsQwAp
2025-06-24 16:11:12 [INFO]: GET /api/wallet/getInfoWallet
2025-06-24 16:11:13 [INFO]: Wallet Ggfa9P8UkD2tMDQ9Xmn4uPFZTWR1Fp4qiSrsdpGsQwAp
2025-06-24 16:11:14 [INFO]: GET /api/wallet/getInfoWallet
2025-06-24 16:11:14 [INFO]: GET /api/wallet/getInfoWallet
2025-06-24 16:11:14 [INFO]: Wallet Ggfa9P8UkD2tMDQ9Xmn4uPFZTWR1Fp4qiSrsdpGsQwAp
2025-06-24 16:11:15 [INFO]: Wallet Ggfa9P8UkD2tMDQ9Xmn4uPFZTWR1Fp4qiSrsdpGsQwAp
2025-06-24 16:26:51 [INFO]: GET /api/wallet/getInfoWallet
2025-06-24 16:26:52 [INFO]: Wallet Ggfa9P8UkD2tMDQ9Xmn4uPFZTWR1Fp4qiSrsdpGsQwAp
2025-06-24 16:26:52 [INFO]: GET /api/wallet/getInfoWallet
2025-06-24 16:26:52 [INFO]: Wallet Ggfa9P8UkD2tMDQ9Xmn4uPFZTWR1Fp4qiSrsdpGsQwAp
2025-06-24 18:14:58 [INFO]: GET /api/wallet/getInfoWallet
2025-06-24 18:14:59 [INFO]: Wallet Ggfa9P8UkD2tMDQ9Xmn4uPFZTWR1Fp4qiSrsdpGsQwAp
2025-06-24 18:14:59 [INFO]: GET /api/wallet/getInfoWallet
2025-06-24 18:14:59 [INFO]: Wallet Ggfa9P8UkD2tMDQ9Xmn4uPFZTWR1Fp4qiSrsdpGsQwAp
2025-06-24 22:18:19 [INFO]: GET /api/wallet/getInfoWallet
2025-06-24 22:18:19 [INFO]: Wallet Ggfa9P8UkD2tMDQ9Xmn4uPFZTWR1Fp4qiSrsdpGsQwAp
2025-06-24 22:18:20 [INFO]: GET /api/wallet/getInfoWallet
2025-06-24 22:18:20 [INFO]: Wallet Ggfa9P8UkD2tMDQ9Xmn4uPFZTWR1Fp4qiSrsdpGsQwAp
2025-06-24 23:38:12 [INFO]: GET /api/wallet/getInfoWallet
2025-06-24 23:38:13 [INFO]: Wallet Ggfa9P8UkD2tMDQ9Xmn4uPFZTWR1Fp4qiSrsdpGsQwAp
2025-06-24 23:38:13 [INFO]: GET /api/wallet/getInfoWallet
2025-06-24 23:38:13 [INFO]: Wallet Ggfa9P8UkD2tMDQ9Xmn4uPFZTWR1Fp4qiSrsdpGsQwAp
2025-06-24 23:44:50 [INFO]: GET /api/wallet/getInfoWallet
2025-06-24 23:44:50 [INFO]: Wallet Ggfa9P8UkD2tMDQ9Xmn4uPFZTWR1Fp4qiSrsdpGsQwAp
2025-06-24 23:44:50 [INFO]: GET /api/wallet/getInfoWallet
2025-06-24 23:44:51 [INFO]: Wallet Ggfa9P8UkD2tMDQ9Xmn4uPFZTWR1Fp4qiSrsdpGsQwAp
2025-06-24 23:51:12 [INFO]: GET /api/wallet/getInfoWallet
2025-06-24 23:51:13 [INFO]: Wallet Ggfa9P8UkD2tMDQ9Xmn4uPFZTWR1Fp4qiSrsdpGsQwAp
2025-06-24 23:51:13 [INFO]: GET /api/wallet/getInfoWallet
2025-06-24 23:51:14 [INFO]: Wallet Ggfa9P8UkD2tMDQ9Xmn4uPFZTWR1Fp4qiSrsdpGsQwAp
2025-06-24 23:53:42 [INFO]: GET /api/wallet/getInfoWallet
2025-06-24 23:53:43 [INFO]: Wallet Ggfa9P8UkD2tMDQ9Xmn4uPFZTWR1Fp4qiSrsdpGsQwAp
2025-06-24 23:53:43 [INFO]: GET /api/wallet/getInfoWallet
2025-06-24 23:53:43 [INFO]: Wallet Ggfa9P8UkD2tMDQ9Xmn4uPFZTWR1Fp4qiSrsdpGsQwAp
2025-06-25 00:14:46 [INFO]: GET /api/wallet/getInfoWallet
2025-06-25 00:14:47 [INFO]: Wallet Ggfa9P8UkD2tMDQ9Xmn4uPFZTWR1Fp4qiSrsdpGsQwAp
2025-06-25 00:14:47 [INFO]: GET /api/wallet/getInfoWallet
2025-06-25 00:14:47 [INFO]: Wallet Ggfa9P8UkD2tMDQ9Xmn4uPFZTWR1Fp4qiSrsdpGsQwAp
2025-06-25 00:22:17 [INFO]: GET /api/wallet/getInfoWallet
2025-06-25 00:22:18 [INFO]: Wallet Ggfa9P8UkD2tMDQ9Xmn4uPFZTWR1Fp4qiSrsdpGsQwAp
2025-06-25 00:22:18 [INFO]: GET /api/wallet/getInfoWallet
2025-06-25 00:22:18 [INFO]: Wallet Ggfa9P8UkD2tMDQ9Xmn4uPFZTWR1Fp4qiSrsdpGsQwAp
2025-06-25 00:25:51 [INFO]: GET /api/wallet/getInfoWallet
2025-06-25 00:25:52 [INFO]: Wallet Ggfa9P8UkD2tMDQ9Xmn4uPFZTWR1Fp4qiSrsdpGsQwAp
2025-06-25 00:25:52 [INFO]: GET /api/wallet/getInfoWallet
2025-06-25 00:25:52 [INFO]: Wallet Ggfa9P8UkD2tMDQ9Xmn4uPFZTWR1Fp4qiSrsdpGsQwAp
2025-06-25 00:29:56 [INFO]: GET /api/wallet/getInfoWallet
2025-06-25 00:29:57 [INFO]: Wallet Ggfa9P8UkD2tMDQ9Xmn4uPFZTWR1Fp4qiSrsdpGsQwAp
2025-06-25 00:29:57 [INFO]: GET /api/wallet/getInfoWallet
2025-06-25 00:29:57 [INFO]: Wallet Ggfa9P8UkD2tMDQ9Xmn4uPFZTWR1Fp4qiSrsdpGsQwAp
2025-06-25 00:30:02 [INFO]: GET /api/wallet/getInfoWallet
2025-06-25 00:30:03 [INFO]: Wallet Ggfa9P8UkD2tMDQ9Xmn4uPFZTWR1Fp4qiSrsdpGsQwAp
2025-06-25 00:30:03 [INFO]: GET /api/wallet/getInfoWallet
2025-06-25 00:30:03 [INFO]: Wallet Ggfa9P8UkD2tMDQ9Xmn4uPFZTWR1Fp4qiSrsdpGsQwAp
2025-06-25 00:33:57 [INFO]: GET /api/wallet/getInfoWallet
2025-06-25 00:33:58 [INFO]: Wallet Ggfa9P8UkD2tMDQ9Xmn4uPFZTWR1Fp4qiSrsdpGsQwAp
2025-06-25 00:33:58 [INFO]: GET /api/wallet/getInfoWallet
2025-06-25 00:33:58 [INFO]: Wallet Ggfa9P8UkD2tMDQ9Xmn4uPFZTWR1Fp4qiSrsdpGsQwAp
2025-06-25 00:35:30 [INFO]: GET /api/wallet/getInfoWallet
2025-06-25 00:35:30 [INFO]: Wallet Ggfa9P8UkD2tMDQ9Xmn4uPFZTWR1Fp4qiSrsdpGsQwAp
2025-06-25 00:35:30 [INFO]: GET /api/wallet/getInfoWallet
2025-06-25 00:35:31 [INFO]: Wallet Ggfa9P8UkD2tMDQ9Xmn4uPFZTWR1Fp4qiSrsdpGsQwAp
2025-06-25 00:35:32 [INFO]: GET /api/wallet/getInfoWallet
2025-06-25 00:35:33 [INFO]: Wallet Ggfa9P8UkD2tMDQ9Xmn4uPFZTWR1Fp4qiSrsdpGsQwAp
2025-06-25 00:35:33 [INFO]: GET /api/wallet/getInfoWallet
2025-06-25 00:35:33 [INFO]: Wallet Ggfa9P8UkD2tMDQ9Xmn4uPFZTWR1Fp4qiSrsdpGsQwAp
2025-06-25 00:35:35 [INFO]: GET /api/wallet/getInfoWallet
2025-06-25 00:35:35 [INFO]: Wallet Ggfa9P8UkD2tMDQ9Xmn4uPFZTWR1Fp4qiSrsdpGsQwAp
2025-06-25 00:35:35 [INFO]: GET /api/wallet/getInfoWallet
2025-06-25 00:35:36 [INFO]: Wallet Ggfa9P8UkD2tMDQ9Xmn4uPFZTWR1Fp4qiSrsdpGsQwAp
2025-06-25 00:35:40 [INFO]: GET /api/wallet/getInfoWallet
2025-06-25 00:35:40 [INFO]: Wallet Ggfa9P8UkD2tMDQ9Xmn4uPFZTWR1Fp4qiSrsdpGsQwAp
2025-06-25 00:35:40 [INFO]: GET /api/wallet/getInfoWallet
2025-06-25 00:35:41 [INFO]: Wallet Ggfa9P8UkD2tMDQ9Xmn4uPFZTWR1Fp4qiSrsdpGsQwAp
2025-06-25 00:35:46 [INFO]: GET /api/wallet/getInfoWallet
2025-06-25 00:35:47 [INFO]: Wallet Ggfa9P8UkD2tMDQ9Xmn4uPFZTWR1Fp4qiSrsdpGsQwAp
2025-06-25 00:35:47 [INFO]: GET /api/wallet/getInfoWallet
2025-06-25 00:35:47 [INFO]: Wallet Ggfa9P8UkD2tMDQ9Xmn4uPFZTWR1Fp4qiSrsdpGsQwAp
2025-06-25 00:35:48 [INFO]: GET /api/wallet/getInfoWallet
2025-06-25 00:35:48 [INFO]: Wallet Ggfa9P8UkD2tMDQ9Xmn4uPFZTWR1Fp4qiSrsdpGsQwAp
2025-06-25 00:35:48 [INFO]: GET /api/wallet/getInfoWallet
2025-06-25 00:35:48 [INFO]: Wallet Ggfa9P8UkD2tMDQ9Xmn4uPFZTWR1Fp4qiSrsdpGsQwAp
2025-06-25 00:35:49 [INFO]: GET /api/wallet/getInfoWallet
2025-06-25 00:35:50 [INFO]: Wallet Ggfa9P8UkD2tMDQ9Xmn4uPFZTWR1Fp4qiSrsdpGsQwAp
2025-06-25 00:35:50 [INFO]: GET /api/wallet/getInfoWallet
2025-06-25 00:35:50 [INFO]: Wallet Ggfa9P8UkD2tMDQ9Xmn4uPFZTWR1Fp4qiSrsdpGsQwAp
2025-06-25 00:47:54 [INFO]: GET /api/wallet/getInfoWallet
2025-06-25 00:47:55 [INFO]: Wallet Ggfa9P8UkD2tMDQ9Xmn4uPFZTWR1Fp4qiSrsdpGsQwAp
2025-06-25 00:47:55 [INFO]: GET /api/wallet/getInfoWallet
2025-06-25 00:47:56 [INFO]: Wallet Ggfa9P8UkD2tMDQ9Xmn4uPFZTWR1Fp4qiSrsdpGsQwAp
2025-06-25 00:48:00 [INFO]: GET /api/wallet/getInfoWallet
2025-06-25 00:48:01 [INFO]: Wallet Ggfa9P8UkD2tMDQ9Xmn4uPFZTWR1Fp4qiSrsdpGsQwAp
2025-06-25 00:48:01 [INFO]: GET /api/wallet/getInfoWallet
2025-06-25 00:48:01 [INFO]: Wallet Ggfa9P8UkD2tMDQ9Xmn4uPFZTWR1Fp4qiSrsdpGsQwAp
2025-06-25 00:48:15 [INFO]: GET /api/wallet/getInfoWallet
2025-06-25 00:48:16 [INFO]: Wallet Ggfa9P8UkD2tMDQ9Xmn4uPFZTWR1Fp4qiSrsdpGsQwAp
2025-06-25 00:48:16 [INFO]: GET /api/wallet/getInfoWallet
2025-06-25 00:48:17 [INFO]: Wallet Ggfa9P8UkD2tMDQ9Xmn4uPFZTWR1Fp4qiSrsdpGsQwAp
2025-06-25 00:49:35 [INFO]: GET /api/wallet/getInfoWallet
2025-06-25 00:49:36 [INFO]: Wallet Ggfa9P8UkD2tMDQ9Xmn4uPFZTWR1Fp4qiSrsdpGsQwAp
2025-06-25 00:49:36 [INFO]: GET /api/wallet/getInfoWallet
2025-06-25 00:49:37 [INFO]: Wallet Ggfa9P8UkD2tMDQ9Xmn4uPFZTWR1Fp4qiSrsdpGsQwAp
2025-06-25 00:49:37 [INFO]: GET /api/wallet/getInfoWallet
2025-06-25 00:49:38 [INFO]: Wallet Ggfa9P8UkD2tMDQ9Xmn4uPFZTWR1Fp4qiSrsdpGsQwAp
2025-06-25 00:49:38 [INFO]: GET /api/wallet/getInfoWallet
2025-06-25 00:49:39 [INFO]: Wallet Ggfa9P8UkD2tMDQ9Xmn4uPFZTWR1Fp4qiSrsdpGsQwAp
2025-06-25 00:51:39 [INFO]: GET /api/wallet/getInfoWallet
2025-06-25 00:51:40 [INFO]: Wallet Ggfa9P8UkD2tMDQ9Xmn4uPFZTWR1Fp4qiSrsdpGsQwAp
2025-06-25 00:51:40 [INFO]: GET /api/wallet/getInfoWallet
2025-06-25 00:51:40 [INFO]: Wallet Ggfa9P8UkD2tMDQ9Xmn4uPFZTWR1Fp4qiSrsdpGsQwAp
2025-06-25 22:14:07 [INFO]: GET /api/auth/twitter
2025-06-25 22:14:08 [INFO]: GET /.well-known/appspecific/com.chrome.devtools.json
2025-06-25 22:14:23 [INFO]: GET /api/auth/twitter
2025-06-25 22:14:24 [INFO]: GET /.well-known/appspecific/com.chrome.devtools.json
2025-06-25 22:17:55 [INFO]: GET /api/auth/twitter/callback
2025-06-25 22:17:55 [INFO]: GET /.well-known/appspecific/com.chrome.devtools.json
2025-06-25 22:58:01 [INFO]: GET /api/auth/twitter/callback
2025-06-25 22:58:11 [INFO]: GET /api/auth/twitter
2025-06-25 22:58:50 [INFO]: GET /api/auth/twitter/callback?oauth_token=VyRt7AAAAAAB2vkcAAABl6kZNsQ&oauth_verifier=RjMEqkV1WP3sPTQkYXxDuMIkRckSdAbt
2025-06-25 22:59:17 [INFO]: GET /.well-known/appspecific/com.chrome.devtools.json
2025-06-25 22:59:23 [INFO]: GET /api/auth/twitter/callback?oauth_token=VyRt7AAAAAAB2vkcAAABl6kZNsQ&oauth_verifier=RjMEqkV1WP3sPTQkYXxDuMIkRckSdAbt
2025-06-25 22:59:23 [INFO]: GET /.well-known/appspecific/com.chrome.devtools.json
2025-06-25 23:08:08 [INFO]: GET /api/auth/twitter
2025-06-25 23:08:12 [INFO]: GET /api/auth/twitter/callback?oauth_token=BQPLnwAAAAAB2vkcAAABl6kiUu0&oauth_verifier=xUJ57TrndCTaSfTfX55VGgVjl7Omgiiv
2025-06-25 23:08:13 [INFO]: GET /.well-known/appspecific/com.chrome.devtools.json
2025-06-25 23:08:51 [INFO]: GET /api/auth/twitter
2025-06-25 23:08:55 [INFO]: GET /api/auth/twitter/callback?oauth_token=lHsyjgAAAAAB2vkcAAABl6ki_WM&oauth_verifier=ZSdaEe2t9EKcvdu0BcHjzubIWfXtyfe8
2025-06-25 23:08:56 [INFO]: GET /.well-known/appspecific/com.chrome.devtools.json
2025-06-25 23:09:40 [INFO]: GET /.well-known/appspecific/com.chrome.devtools.json
2025-06-25 23:17:51 [INFO]: GET /api/auth/twitter
2025-06-25 23:17:59 [INFO]: GET /api/auth/twitter/callback?oauth_token=HJE0xAAAAAAB2vkcAAABl6krObo&oauth_verifier=Ac9VK8PIuKzz9y60wDyP1rk5GfTdUhoQ
2025-06-25 23:21:59 [INFO]: GET /api/auth/twitter
2025-06-25 23:22:03 [INFO]: GET /api/auth/twitter/callback?oauth_token=ppOeewAAAAAB2vkcAAABl6kvAuA&oauth_verifier=7JBCzM1pmUhbhYCVqnrEbkycVWoXkjtu
2025-06-25 23:39:48 [INFO]: GET /api/proposals
2025-06-25 23:39:48 [INFO]: GET /api/vote/user-votes
2025-06-25 23:53:08 [INFO]: GET /api/proposals
2025-06-25 23:53:08 [INFO]: GET /api/proposals
2025-06-25 23:53:08 [INFO]: GET /api/proposals
2025-06-25 23:53:09 [INFO]: GET /api/vote/user-votes
2025-06-25 23:53:15 [INFO]: GET /api/proposals
2025-06-25 23:53:15 [INFO]: GET /api/proposals
2025-06-25 23:53:15 [INFO]: GET /api/proposals
2025-06-25 23:53:15 [INFO]: GET /api/vote/user-votes
2025-06-25 23:54:17 [INFO]: GET /api/wallet/getInfoWallet
2025-06-25 23:54:18 [INFO]: Wallet Ggfa9P8UkD2tMDQ9Xmn4uPFZTWR1Fp4qiSrsdpGsQwAp
2025-06-25 23:54:18 [INFO]: GET /api/wallet/getInfoWallet
2025-06-25 23:54:18 [INFO]: Wallet Ggfa9P8UkD2tMDQ9Xmn4uPFZTWR1Fp4qiSrsdpGsQwAp
2025-06-25 23:56:35 [INFO]: GET /api/proposals
2025-06-25 23:56:35 [INFO]: GET /api/proposals
2025-06-25 23:56:35 [INFO]: GET /api/vote/user-votes
2025-06-25 23:56:35 [INFO]: GET /api/vote/user-votes
2025-06-25 23:56:42 [INFO]: GET /api/proposals
2025-06-25 23:56:42 [INFO]: GET /api/proposals
2025-06-25 23:56:42 [INFO]: GET /api/proposals
2025-06-25 23:56:42 [INFO]: GET /api/vote/user-votes
